5E	CM01A	Kneeland CA	40.722700	-123.985400	708	2014/01/01 00:00:00	2015/12/31 23:59:59
[Data available in archive: 2014/10/05 03:00:00 - 2015/10/10 01:39:46] 5E	CM02A	Eureka CA	40.660800	-124.168800	122	2014/01/01 00:00:00	2015/12/31 23:59:59
[Data available in archive: 2014/10/04 22:11:41 - 2015/10/10 01:53:47] 5E	CM03A	Fortuna CA	40.602800	-123.959100	582	2014/01/01 00:00:00	2015/12/31 23:59:59
[Data available in archive: 2014/10/05 22:22:48 - 2015/10/09 23:19:40] 5E	CM04A	Fortuna CA	40.582600	-124.108800	111	2014/01/01 00:00:00	2015/12/31 23:59:59
[Data available in archive: 2014/10/04 23:05:37 - 2015/10/09 20:39:45] 5E	CM05A	Ferndale CA	40.539600	-124.239400	103	2014/01/01 00:00:00	2015/12/31 23:59:59
[Data available in archive: 2014/10/04 23:08:28 - 2015/10/09 23:56:57] 5E	CM06A	Cape Mendocino CA	40.483100	-124.228600	649	2014/01/01 00:00:00	2015/12/31 23:59:59
[Data available in archive: 2014/10/05 00:51:33 - 2015/10/10 01:58:57] 5E	CM07A	Scotia CA	40.473100	-124.084100	311	2014/01/01 00:00:00	2015/12/31 23:59:59
[Data available in archive: 2014/10/06 00:05:42 - 2015/10/09 22:14:36] 5E	CM08A	Cape Mendocino CA	40.435000	-124.281500	417	2014/01/01 00:00:00	2015/12/31 23:59:59
[Data available in archive: 2014/10/05 17:04:49 - 2015/10/09 19:32:53] 5E	CM09A	Cape Mendocino CA	40.332100	-124.330500	218	2014/01/01 00:00:00	2015/12/31 23:59:59
[Data available in archive: 2014/10/05 18:16:04 - 2015/10/09 17:46:18] 5E	CM10A	Petrolia CA	40.317100	-124.264500	68	2014/01/01 00:00:00	2015/12/31 23:59:59
[Data available in archive: 2014/09/07 21:50:00 - 2015/10/02 07:18:31] 7D	FC03D	LDEO OBS TRAWL-RESISTANT	44.813300	-124.738300	-432	2011/07/01 00:00:00	2017/12/31 23:59:59
[Data available in archive: 2011/07/27 20:18:00 - 2012/07/21 23:05:41] 7D	FN01A	LDEO Trawl-Resistant OBS Site FN01A	46.882000	-124.333700	-54	2011/07/01 00:00:00	2017/12/31 23:59:59
[Data available in archive: 2013/08/30 23:59:30 - 2014/06/27 05:06:59] 7D	FN01C	LDEO OBS TRAWL-RESISTANT	46.882300	-124.333300	-56	2011/07/01 00:00:00	2017/12/31 23:59:59
[Data available in archive: 2013/08/31 04:01:00 - 2014/06/28 19:24:59] 7D	FN02C	LDEO OBS TRAWL-RESISTANT	46.949700	-124.428000	-67	2011/07/01 00:00:00	2017/12/31 23:59:59
[Data available in archive: 2011/07/28 01:20:00 - 2012/07/15 01:22:30] 7D	FN03A	LDEO Trawl-Resistant OBS Site FN03A	46.886800	-124.525100	-90	2011/07/01 00:00:00	2017/12/31 23:59:59
[Data available in archive: 2013/08/31 16:06:30 - 2014/06/28 22:00:59] 7D	FN03C	LDEO OBS TRAWL-RESISTANT	46.887200	-124.525100	-93	2011/07/01 00:00:00	2017/12/31 23:59:59
[Data available in archive: 2013/08/31 19:41:30 - 2014/06/26 01:59:59] 7D	FN04C	LDEO OBS TRAWL-RESISTANT	46.917500	-124.601300	-104	2011/07/01 00:00:00	2017/12/31 23:59:59
[Data available in archive: 2011/07/29 00:22:41 - 2012/01/10 20:16:12] 7D	FN05A	LDEO OBS TRAWL-RESISTANT	46.857800	-124.655300	-124	2011/07/01 00:00:00	2017/12/31 23:59:59
[Data available in archive: 2013/08/31 23:01:30 - 2014/06/25 23:27:59] 7D	FN05C	LDEO OBS TRAWL-RESISTANT	46.857500	-124.655600	-123	2011/07/01 00:00:00	2017/12/31 23:59:59
[Data available in archive: 2011/07/30 22:35:30 - 2012/07/18 22:38:20] 7D	FN06A	LDEO Trawl-Resistant OBS Site FN06A	46.922300	-124.731600	-134	2011/07/01 00:00:00	2017/12/31 23:59:59
[Data available in archive: 2013/09/01 03:19:30 - 2014/06/29 17:55:58] 7D	FN06C	LDEO OBS TRAWL-RESISTANT	46.922000	-124.731300	-137	2011/07/01 00:00:00	2017/12/31 23:59:59
[Data available in archive: 2011/07/28 22:41:00 - 2012/07/20 22:43:47] 7D	FN07A	LDEO Trawl-Resistant OBS Site FN07A	46.855500	-124.786500	-154	2011/07/01 00:00:00	2017/12/31 23:59:59
[Data available in archive: 2013/09/01 15:48:00 - 2014/06/29 20:15:57] 7D	FN07C	LDEO OBS TRAWL-RESISTANT	46.855400	-124.786000	-158	2011/07/01 00:00:00	2017/12/31 23:59:59
[Data available in archive: 2011/07/29 04:26:30 - 2012/07/22 04:29:20] 7D	FN08A	LDEO Trawl-Resistant OBS Site FN08A	46.888800	-124.876900	-177	2011/07/01 00:00:00	2017/12/31 23:59:59
[Data available in archive: 2013/09/02 11:58:34 - 2014/06/30 05:34:57] 7D	FN08C	LDEO OBS TRAWL-RESISTANT	46.888700	-124.876000	-176	2011/07/01 00:00:00	2017/12/31 23:59:59
[Data available in archive: 2011/07/26 23:28:00 - 2012/07/20 23:27:29] 7D	FN09A	LDEO Trawl-Resistant OBS Site FN09A	46.840100	-124.887700	-198	2011/07/01 00:00:00	2017/12/31 23:59:59
[Data available in archive: 2013/09/01 23:24:30 - 2014/07/01 04:06:34] 7D	FN09C	LDEO OBS TRAWL-RESISTANT	46.840200	-124.887200	-198	2011/07/01 00:00:00	2017/12/31 23:59:59
[Data available in archive: 2011/07/26 17:54:00 - 2011/11/10 17:54:49] 7D	FN10A	LDEO Trawl-Resistant OBS Site FN10A	46.897800	-124.993600	-795	2011/07/01 00:00:00	2017/12/31 23:59:59
[Data available in archive: 2013/09/02 02:28:30 - 2014/06/26 16:27:40] 7D	FN10C	LDEO OBS TRAWL-RESISTANT	46.898100	-124.993500	-811	2011/07/01 00:00:00	2017/12/31 23:59:59
[Data available in archive: 2013/09/03 19:05:30 - 2014/06/26 18:41:59] 7D	FN11C	LDEO OBS TRAWL-RESISTANT	46.820500	-125.045400	-619	2011/07/01 00:00:00	2017/12/31 23:59:59
[Data available in archive: 2011/07/27 05:05:00 - 2012/07/20 12:01:48] 7D	FN12A	LDEO Trawl-Resistant OBS Site FN12A	46.888500	-125.119200	-650	2011/07/01 00:00:00	2017/12/31 23:59:59
[Data available in archive: 2013/09/03 15:59:30 - 2014/06/30 21:37:05] 7D	FN12C	LDEO OBS TRAWL-RESISTANT	46.888700	-125.119000	-656	2011/07/01 00:00:00	2017/12/31 23:59:59
[Data available in archive: 2013/09/04 18:58:00 - 2014/06/28 08:53:00] 7D	FN13C	LDEO OBS STANDARD DEEP	47.000400	-125.301100	-1764	2011/07/01 00:00:00	2017/12/31 23:59:59
[Data available in archive: 2011/07/31 20:31:30 - 2012/07/20 05:54:43] 7D	FN14A	LDEO Trawl-Resistant OBS Site FN14A	46.024800	-124.964700	-173	2011/07/01 00:00:00	2017/12/31 23:59:59
[Data available in archive: 2013/09/03 02:58:30 - 2014/06/26 22:19:59] 7D	FN14C	LDEO OBS TRAWL-RESISTANT	47.024900	-124.964200	-173	2011/07/01 00:00:00	2017/12/31 23:59:59
[Data available in archive: 2011/10/17 10:19:00 - 2012/07/21 12:56:31] 7D	FN16A	LDEO OBS STANDARD DEEP	46.799600	-125.516100	-1907	2011/07/01 00:00:00	2017/12/31 23:59:59
[Data available in archive: 2013/09/04 15:49:00 - 2014/06/30 18:36:00] 7D	FN16C	LDEO OBS STANDARD DEEP	46.800500	-125.500100	-1728	2011/07/01 00:00:00	2017/12/31 23:59:59
[Data available in archive: 2013/09/03 23:07:00 - 2014/06/25 16:00:49] 7D	FN17C	LDEO OBS TRAWL-RESISTANT	46.681600	-125.000500	-1015	2011/07/01 00:00:00	2017/12/31 23:59:59
[Data available in archive: 2011/07/30 15:44:30 - 2012/07/18 06:33:56] 7D	FN18A	LDEO Trawl-Resistant OBS Site FN18A	46.699800	-124.724800	-163	2011/07/01 00:00:00	2017/12/31 23:59:59
[Data available in archive: 2013/09/02 16:40:30 - 2014/06/25 19:51:53] 7D	FN18C	LDEO OBS TRAWL-RESISTANT	46.700100	-124.724800	-166	2011/07/01 00:00:00	2017/12/31 23:59:59
[Data available in archive: 2011/07/30 06:17:30 - 2012/07/20 06:21:13] 7D	FN19A	LDEO Trawl-Resistant OBS Site FN19A	46.729800	-124.367100	-75	2011/07/01 00:00:00	2017/12/31 23:59:59
[Data available in archive: 2013/08/30 20:05:00 - 2014/06/29 00:02:00] 7D	FN19C	LDEO OBS TRAWL-RESISTANT	46.730100	-124.366800	-72	2011/07/01 00:00:00	2017/12/31 23:59:59
[Data available in archive: 2012/09/02 23:59:16 - 2013/06/19 08:00:20] 7D	FS01B	SIO OBS ID FS01B	40.326800	-124.949200	-940	2011/07/01 00:00:00	2017/12/31 23:59:59
[Data available in archive: 2012/09/13 19:46:03 - 2013/07/03 21:31:38] 7D	FS02B	LDEO OBS STANDARD DEEP	40.351100	-124.798000	-1402.8	2011/07/01 00:00:00	2017/12/31 23:59:59
[Data available in archive: 2014/07/16 20:32:28 - 2015/08/29 10:05:23] 7D	FS02D	WHOI OBS ID S86	40.326000	-124.800200	-947.9	2011/07/01 00:00:00	2017/12/31 23:59:59
[Data available in archive: 2012/09/13 17:05:00 - 2013/07/02 19:43:02] 7D	FS03B	LDEO OBS TRAWL-RESISTANT	40.273200	-124.652600	-345	2011/07/01 00:00:00	2017/12/31 23:59:59
[Data available in archive: 2012/09/14 14:52:08 - 2013/07/01 17:28:25] 7D	FS04B	LDEO OBS TRAWL-RESISTANT	40.244700	-124.509700	-159	2011/07/01 00:00:00	2017/12/31 23:59:59
[Data available in archive: 2014/08/12 01:45:59 - 2015/09/15 09:03:19] 7D	FS04D	SIO OBS ID FS04D	40.252800	-124.505200	-155	2011/07/01 00:00:00	2017/12/31 23:59:59
[Data available in archive: 2012/08/27 00:00:00 - 2013/06/12 13:22:17] 7D	FS05B	WHOI OBS ID S80	40.386600	-124.899600	-2316	2011/07/01 00:00:00	2017/12/31 23:59:59
[Data available in archive: 2012/08/27 00:00:00 - 2013/06/12 13:33:28] 7D	FS06B	WHOI OBS ID S87	40.381200	-124.785300	-2198	2011/07/01 00:00:00	2017/12/31 23:59:59
[Data available in archive: 2014/07/16 17:39:36 - 2015/08/28 04:35:17] 7D	FS06D	WHOI OBS ID S89	40.370000	-124.806700	-1946.8	2011/07/01 00:00:00	2017/12/31 23:59:59
[Data available in archive: 2012/09/13 00:27:30 - 2013/07/03 02:27:38] 7D	FS07B	LDEO OBS STANDARD DEEP	40.339200	-124.659600	-1297	2011/07/01 00:00:00	2017/12/31 23:59:59
[Data available in archive: 2014/07/17 02:41:58 - 2015/08/28 02:47:49] 7D	FS07D	WHOI OBS ID S84	40.337900	-124.657700	-1273.7	2011/07/01 00:00:00	2017/12/31 23:59:59
[Data available in archive: 2012/09/14 04:57:30 - 2013/07/02 05:20:12] 7D	FS08B	LDEO OBS TRAWL-RESISTANT	40.336600	-124.459800	-120	2011/07/01 00:00:00	2017/12/31 23:59:59
[Data available in archive: 2014/08/12 02:08:59 - 2015/09/15 10:13:36] 7D	FS08D	SIO OBS ID FS08D	40.334700	-124.465300	-132	2011/07/01 00:00:00	2017/12/31 23:59:59
[Data available in archive: 2012/08/28 00:00:00 - 2013/06/12 23:40:40] 7D	FS09B	WHOI OBS ID S85	40.438700	-124.808500	-2161	2011/07/01 00:00:00	2017/12/31 23:59:59
[Data available in archive: 2014/07/16 15:08:43 - 2015/08/28 06:35:13] 7D	FS09D	WHOI OBS ID S83	40.437700	-124.803700	-2122.1	2011/07/01 00:00:00	2017/12/31 23:59:59
[Data available in archive: 2012/09/13 14:03:34 - 2013/07/02 23:36:36] 7D	FS10B	LDEO OBS STANDARD DEEP	40.433000	-124.681900	-1076	2011/07/01 00:00:00	2017/12/31 23:59:59
[Data available in archive: 2014/07/17 06:18:20 - 2015/08/28 08:54:17] 7D	FS10D	WHOI OBS ID S81	40.432800	-124.694000	-1153.8	2011/07/01 00:00:00	2017/12/31 23:59:59
[Data available in archive: 2012/09/15 04:35:00 - 2013/07/03 05:33:47] 7D	FS11B	LDEO OBS TRAWL-RESISTANT	40.429200	-124.577800	-132	2011/07/01 00:00:00	2017/12/31 23:59:59
[Data available in archive: 2014/09/15 14:34:00 - 2015/10/07 01:16:41] 7D	FS11D	LDEO OBS TRAWL-RESISTANT	40.428500	-124.577500	-150	2011/07/01 00:00:00	2017/12/31 23:59:59
[Data available in archive: 2012/09/14 18:11:00 - 2013/07/02 19:46:43] 7D	FS12B	LDEO OBS TRAWL-RESISTANT	40.437100	-124.505900	-60	2011/07/01 00:00:00	2017/12/31 23:59:59
[Data available in archive: 2014/09/15 22:17:00 - 2015/10/06 22:54:00] 7D	FS12D	LDEO OBS TRAWL-RESISTANT	40.445600	-124.510500	-55	2011/07/01 00:00:00	2017/12/31 23:59:59
[Data available in archive: 2012/09/12 07:47:00 - 2013/07/03 18:31:00] 7D	FS13B	LDEO OBS STANDARD DEEP	40.493100	-124.806500	-2332	2011/07/01 00:00:00	2017/12/31 23:59:59
[Data available in archive: 2014/07/16 13:18:14 - 2015/08/28 15:35:02] 7D	FS13D	WHOI OBS ID S80	40.493700	-124.803400	-2291.2	2011/07/01 00:00:00	2017/12/31 23:59:59
[Data available in archive: 2012/09/02 23:24:16 - 2012/12/08 14:31:22] 7D	FS14B	SIO OBS ID FS14B	40.495500	-124.591800	-107	2011/07/01 00:00:00	2017/12/31 23:59:59
[Data available in archive: 2014/09/14 23:50:30 - 2015/10/06 17:36:59] 7D	FS14D	LDEO OBS TRAWL-RESISTANT	40.492300	-124.603900	-145	2011/07/01 00:00:00	2017/12/31 23:59:59
[Data available in archive: 2012/09/14 23:10:30 - 2013/07/03 01:10:28] 7D	FS15B	LDEO OBS TRAWL-RESISTANT	40.492600	-124.512600	-52	2011/07/01 00:00:00	2017/12/31 23:59:59
[Data available in archive: 2014/09/16 04:36:00 - 2015/10/07 20:31:01] 7D	FS15D	LDEO OBS TRAWL-RESISTANT	40.496400	-124.524700	-56	2011/07/01 00:00:00	2017/12/31 23:59:59
[Data available in archive: 2012/09/12 18:24:00 - 2013/07/03 16:31:37] 7D	FS16B	LDEO OBS STANDARD DEEP	40.538100	-124.739500	-1073	2011/07/01 00:00:00	2017/12/31 23:59:59
[Data available in archive: 2014/07/16 11:31:18 - 2015/08/28 17:10:08] 7D	FS16D	WHOI OBS ID S82	40.537800	-124.746800	-1080.4	2011/07/01 00:00:00	2017/12/31 23:59:59
[Data available in archive: 2012/09/15 19:12:30 - 2013/07/02 19:23:04] 7D	FS17B	LDEO OBS TRAWL-RESISTANT	40.559800	-124.596500	-146	2011/07/01 00:00:00	2017/12/31 23:59:59
[Data available in archive: 2014/09/14 18:05:00 - 2015/10/06 01:54:59] 7D	FS17D	LDEO OBS TRAWL-RESISTANT	40.559800	-124.597000	-145	2011/07/01 00:00:00	2017/12/31 23:59:59
[Data available in archive: 2012/09/16 17:59:04 - 2013/07/01 04:00:40] 7D	FS18B	LDEO OBS TRAWL-RESISTANT	40.568200	-124.501600	-107	2011/07/01 00:00:00	2017/12/31 23:59:59
[Data available in archive: 2012/09/16 15:21:30 - 2013/07/01 16:47:00] 7D	FS19B	LDEO OBS TRAWL-RESISTANT	40.627900	-124.466700	-87	2011/07/01 00:00:00	2017/12/31 23:59:59
[Data available in archive: 2012/09/12 03:06:30 - 2013/07/04 03:30:59] 7D	FS20B	LDEO OBS STANDARD DEEP	40.389500	-125.031100	-2378	2011/07/01 00:00:00	2017/12/31 23:59:59
[Data available in archive: 2014/07/16 09:54:41 - 2015/08/28 18:39:43] 7D	FS41D	WHOI OBS ID S88	40.612400	-124.731000	-1079.3	2011/07/01 00:00:00	2017/12/31 23:59:59
[Data available in archive: 2014/09/14 15:01:00 - 2015/10/05 22:21:00] 7D	FS42D	LDEO OBS TRAWL-RESISTANT	40.715100	-124.463100	-95	2011/07/01 00:00:00	2017/12/31 23:59:59
[Data available in archive: 2014/09/14 02:09:30 - 2015/10/06 08:23:02] 7D	FS43D	LDEO OBS TRAWL-RESISTANT	40.711900	-124.583900	-719	2011/07/01 00:00:00	2017/12/31 23:59:59
[Data available in archive: 2014/08/12 11:12:59 - 2015/09/15 17:27:07] 7D	FS44D	SIO OBS ID FS44D	40.760900	-124.702800	-837	2011/07/01 00:00:00	2017/12/31 23:59:59
[Data available in archive: 2014/09/13 21:52:30 - 2015/09/09 23:13:03] 7D	FS45D	LDEO OBS TRAWL-RESISTANT	40.800000	-124.520300	-477	2011/07/01 00:00:00	2017/12/31 23:59:59
[Data available in archive: 2014/07/17 00:00:00 - 2015/08/27 23:24:46] 7D	G01D	WHOI OBS ID S85	39.999900	-124.600800	-1006.7	2011/07/01 00:00:00	2017/12/31 23:59:59
[Data available in archive: 2012/09/02 02:22:59 - 2013/06/19 11:27:14] 7D	G02B	SIO OBS ID G02B	40.048600	-125.296900	-1920	2011/07/01 00:00:00	2017/12/31 23:59:59
[Data available in archive: 2014/09/16 14:22:30 - 2015/09/12 15:45:03] 7D	G02D	LDEO OBS STANDARD DEEP	40.160300	-125.297700	-1741	2011/07/01 00:00:00	2017/12/31 23:59:59
[Data available in archive: 2011/11/17 00:00:00 - 2012/05/14 03:13:04] 7D	G03A	WHOI OBS ID S87	40.059100	-126.162500	-4113	2011/07/01 00:00:00	2017/12/31 23:59:59
[Data available in archive: 2012/08/27 00:00:00 - 2013/06/11 22:50:23] 7D	G03B	WHOI OBS ID S89	40.058000	-126.163400	-4051	2011/07/01 00:00:00	2017/12/31 23:59:59
[Data available in archive: 2014/07/14 15:41:25 - 2015/08/29 04:49:17] 7D	G03D	WHOI OBS ID T111	40.058700	-126.161200	-4056.5	2011/07/01 00:00:00	2017/12/31 23:59:59
[Data available in archive: 2012/08/27 00:00:00 - 2013/06/08 16:36:45] 7D	G04B	WHOI OBS ID T103	40.058500	-126.928500	-4368	2011/07/01 00:00:00	2017/12/31 23:59:59
[Data available in archive: 2014/07/14 07:43:19 - 2015/08/29 21:55:09] 7D	G04D	WHOI OBS ID T101	40.157700	-126.784700	-4350.3	2011/07/01 00:00:00	2017/12/31 23:59:59
[Data available in archive: 2012/08/27 00:00:00 - 2013/06/08 05:40:53] 7D	G05B	WHOI OBS ID T110	40.070600	-127.747800	-4462	2011/07/01 00:00:00	2017/12/31 23:59:59
[Data available in archive: 2014/07/14 02:19:32 - 2015/08/30 00:29:37] 7D	G05D	WHOI OBS ID T112	40.143000	-127.825700	-4463.8	2011/07/01 00:00:00	2017/12/31 23:59:59
[Data available in archive: 2012/09/16 20:29:00 - 2013/07/01 22:54:45] 7D	G09B	LDEO OBS TRAWL-RESISTANT	40.656800	-124.718700	-842	2011/07/01 00:00:00	2017/12/31 23:59:59
[Data available in archive: 2014/07/16 03:54:04 - 2015/08/28 19:40:37] 7D	G09D	WHOI OBS ID S87	40.666500	-124.726900	-716.3	2011/07/01 00:00:00	2017/12/31 23:59:59
[Data available in archive: 2012/09/02 16:07:59 - 2013/06/19 16:44:13] 7D	G10B	SIO OBS ID G10B	40.677900	-125.553300	-2936	2011/07/01 00:00:00	2017/12/31 23:59:59
[Data available in archive: 2014/08/11 03:43:59 - 2015/09/15 22:46:28] 7D	G10D	SIO OBS ID G10D	40.788800	-125.554400	-3015	2011/07/01 00:00:00	2017/12/31 23:59:59
[Data available in archive: 2012/08/28 00:00:00 - 2013/06/09 00:17:06] 7D	G11B	WHOI OBS ID T111	40.687500	-126.376400	-3123	2011/07/01 00:00:00	2017/12/31 23:59:59
[Data available in archive: 2014/08/03 01:59:59 - 2014/08/05 04:18:42] 7D	G11D	SIO OBS ID G11D	40.784500	-126.468300	-3145	2011/07/01 00:00:00	2017/12/31 23:59:59
[Data available in archive: 2012/09/02 23:21:59 - 2012/11/09 07:22:00] 7D	G12B	SIO OBS ID G12B	40.686900	-127.228900	-3080	2011/07/01 00:00:00	2017/12/31 23:59:59
[Data available in archive: 2012/08/26 00:00:00 - 2013/06/07 23:43:16] 7D	G13B	WHOI OBS ID T105	40.684000	-128.028300	-3215	2011/07/01 00:00:00	2017/12/31 23:59:59
[Data available in archive: 2014/07/14 00:00:00 - 2015/08/30 06:48:45] 7D	G13D	WHOI OBS ID T114	40.748200	-127.937100	-3186.5	2011/07/01 00:00:00	2017/12/31 23:59:59
[Data available in archive: 2012/09/17 05:14:30 - 2013/07/01 06:49:36] 7D	G17B	LDEO OBS TRAWL-RESISTANT	41.283900	-124.344600	-123	2011/07/01 00:00:00	2017/12/31 23:59:59
[Data available in archive: 2014/09/13 18:00:04 - 2014/09/16 09:27:42] 7D	G17D	LDEO OBS TRAWL-RESISTANT	41.399600	-124.433200	-99	2011/07/01 00:00:00	2017/12/31 23:59:59
[Data available in archive: 2012/09/18 10:27:34 - 2013/05/16 10:16:22] 7D	G18B	LDEO OBS STANDARD DEEP	41.301600	-124.936300	-1464	2011/07/01 00:00:00	2017/12/31 23:59:59
[Data available in archive: 2014/09/13 15:24:30 - 2015/10/05 14:45:02] 7D	G18D	LDEO OBS STANDARD DEEP	41.304700	-125.255800	-3130	2011/07/01 00:00:00	2017/12/31 23:59:59
[Data available in archive: 2012/08/28 00:00:00 - 2013/06/13 01:57:48] 7D	G19B	WHOI OBS ID T106	41.307400	-125.773600	-3071	2011/07/01 00:00:00	2017/12/31 23:59:59
[Data available in archive: 2014/09/18 23:29:41 - 2015/09/14 08:20:08] 7D	G19D	LDEO OBS STANDARD DEEP	41.331600	-126.027900	-3082	2011/07/01 00:00:00	2017/12/31 23:59:59
[Data available in archive: 2012/08/28 00:00:00 - 2013/06/11 10:55:57] 7D	G20B	WHOI OBS ID T113	41.298700	-126.613300	-3141	2011/07/01 00:00:00	2017/12/31 23:59:59
[Data available in archive: 2014/07/13 00:00:00 - 2015/08/31 01:01:22] 7D	G20D	WHOI OBS ID T103	41.451600	-126.863800	-2931.3	2011/07/01 00:00:00	2017/12/31 23:59:59
[Data available in archive: 2012/08/28 00:00:00 - 2013/06/11 05:29:58] 7D	G21B	WHOI OBS ID T102	41.316000	-127.453700	-3156	2011/07/01 00:00:00	2017/12/31 23:59:59
[Data available in archive: 2014/07/13 06:24:14 - 2015/08/30 16:06:56] 7D	G21D	WHOI OBS ID T106	41.122700	-127.448000	-3293.4	2011/07/01 00:00:00	2017/12/31 23:59:59
[Data available in archive: 2012/08/26 00:00:00 - 2013/06/07 17:31:34] 7D	G22B	WHOI OBS ID T108	41.309200	-128.274000	-3038	2011/07/01 00:00:00	2017/12/31 23:59:59
[Data available in archive: 2014/07/13 14:42:15 - 2015/08/30 09:35:17] 7D	G22D	WHOI OBS ID T107	41.433600	-128.016600	-3092.4	2011/07/01 00:00:00	2017/12/31 23:59:59
[Data available in archive: 2012/09/18 20:03:00 - 2013/07/31 09:22:37] 7D	G25B	LDEO OBS TRAWL-RESISTANT	41.919900	-124.586100	-430	2011/07/01 00:00:00	2017/12/31 23:59:59
[Data available in archive: 2014/09/12 00:50:00 - 2015/10/08 20:35:59] 7D	G25D	LDEO OBS TRAWL-RESISTANT	41.981100	-124.726700	-688	2011/07/01 00:00:00	2017/12/31 23:59:59
[Data available in archive: 2012/09/17 23:30:30 - 2013/08/07 07:30:07] 7D	G26B	LDEO OBS STANDARD DEEP	41.924900	-125.177500	-2357	2011/07/01 00:00:00	2017/12/31 23:59:59
[Data available in archive: 2014/09/19 09:13:30 - 2015/10/04 14:52:59] 7D	G26D	LDEO OBS STANDARD DEEP	41.983800	-125.308300	-3104	2011/07/01 00:00:00	2017/12/31 23:59:59
[Data available in archive: 2012/09/03 23:38:16 - 2013/06/20 11:43:16] 7D	G27B	SIO OBS ID G27B	41.916600	-126.016700	-3480	2011/07/01 00:00:00	2017/12/31 23:59:59
[Data available in archive: 2014/09/19 04:00:00 - 2015/10/05 00:23:59] 7D	G27D	LDEO OBS STANDARD DEEP	42.001300	-125.981700	-2939	2011/07/01 00:00:00	2017/12/31 23:59:59
[Data available in archive: 2012/09/04 02:43:59 - 2013/06/20 16:35:11] 7D	G28B	SIO OBS ID G28B	41.942800	-126.733900	-3327	2011/07/01 00:00:00	2017/12/31 23:59:59
[Data available in archive: 2012/08/29 00:00:00 - 2013/06/11 00:13:18] 7D	G29B	WHOI OBS ID T104	41.977200	-127.483400	-3197	2011/07/01 00:00:00	2017/12/31 23:59:59
[Data available in archive: 2014/07/12 16:43:45 - 2015/08/31 07:03:41] 7D	G29D	WHOI OBS ID T102	42.217400	-127.605200	-2910.9	2011/07/01 00:00:00	2017/12/31 23:59:59
[Data available in archive: 2011/11/18 00:00:00 - 2012/05/14 13:22:13] 7D	G30A	WHOI OBS ID S88	41.955000	-128.319300	-3124	2011/07/01 00:00:00	2017/12/31 23:59:59
[Data available in archive: 2012/08/26 00:00:00 - 2013/06/08 00:08:44] 7D	G30B	WHOI OBS ID S81	41.956500	-128.319800	-3119	2011/07/01 00:00:00	2017/12/31 23:59:59
[Data available in archive: 2012/09/19 21:33:04 - 2013/06/29 11:05:38] 7D	G33B	LDEO OBS TRAWL-RESISTANT	42.548300	-124.716200	-213	2011/07/01 00:00:00	2017/12/31 23:59:59
[Data available in archive: 2014/08/12 23:37:59 - 2015/08/24 22:19:17] 7D	G33D	SIO OBS ID G33D	42.665300	-124.802000	-686	2011/07/01 00:00:00	2017/12/31 23:59:59
[Data available in archive: 2012/09/11 08:09:00 - 2013/07/06 10:13:14] 7D	G34B	LDEO OBS STANDARD DEEP	42.555400	-125.201000	-2954	2011/07/01 00:00:00	2017/12/31 23:59:59
[Data available in archive: 2014/09/10 20:49:59 - 2015/10/04 06:12:00] 7D	G34D	LDEO OBS STANDARD DEEP	42.572300	-125.448600	-3089	2011/07/01 00:00:00	2017/12/31 23:59:59
[Data available in archive: 2012/08/29 00:00:00 - 2013/06/10 13:49:40] 7D	G35B	WHOI OBS ID T109	42.565800	-126.055800	-2367	2011/07/01 00:00:00	2017/12/31 23:59:59
[Data available in archive: 2014/07/12 00:42:51 - 2015/08/31 21:01:47] 7D	G35D	WHOI OBS ID T104	42.555700	-126.399000	-2822.6	2011/07/01 00:00:00	2017/12/31 23:59:59
[Data available in archive: 2012/08/29 00:00:00 - 2013/06/10 18:56:33] 7D	G36B2	WHOI OBS ID T101	42.599400	-126.903800	-2423	2011/07/01 00:00:00	2017/12/31 23:59:59
[Data available in archive: 2014/07/12 12:36:20 - 2015/08/31 14:26:25] 7D	G36D	WHOI OBS ID T109	42.461800	-126.896500	-3779.6	2011/07/01 00:00:00	2017/12/31 23:59:59
[Data available in archive: 2012/09/04 08:01:59 - 2013/06/20 23:23:07] 7D	G37B	SIO OBS ID G37B	42.591300	-127.721300	-3004	2011/07/01 00:00:00	2017/12/31 23:59:59
[Data available in archive: 2014/07/30 10:29:59 - 2015/09/12 16:56:50] 7D	G37D	SIO OBS ID G37D	42.628500	-127.300900	-2805	2011/07/01 00:00:00	2017/12/31 23:59:59
[Data available in archive: 2011/11/19 00:12:49 - 2012/05/14 22:59:39] 7D	J06A	WHOI OBS ID S81	43.251500	-128.801000	-3224	2011/07/01 00:00:00	2017/12/31 23:59:59
[Data available in archive: 2012/08/26 00:00:00 - 2013/06/07 09:53:37] 7D	J06B	WHOI OBS ID S88	43.265200	-128.799700	-3220	2011/07/01 00:00:00	2017/12/31 23:59:59
[Data available in archive: 2014/07/28 03:59:59 - 2015/08/03 02:16:47] 7D	J06D	SIO OBS ID J06D	43.252600	-128.804100	-3245	2011/07/01 00:00:00	2017/12/31 23:59:59
[Data available in archive: 2012/09/01 03:18:59 - 2013/06/21 22:07:03] 7D	J09B	SIO OBS ID J09B	43.151000	-124.727000	-252	2011/07/01 00:00:00	2017/12/31 23:59:59
[Data available in archive: 2014/09/10 03:36:30 - 2015/10/07 03:39:36] 7D	J09D	LDEO OBS TRAWL-RESISTANT	43.151400	-124.727100	-252	2011/07/01 00:00:00	2017/12/31 23:59:59
[Data available in archive: 2012/08/31 20:59:59 - 2013/06/18 08:09:14] 7D	J10B	SIO OBS ID J10B	43.349400	-125.543500	-3093	2011/07/01 00:00:00	2017/12/31 23:59:59
[Data available in archive: 2014/09/10 12:54:32 - 2015/10/03 23:11:00] 7D	J10D	LDEO OBS STANDARD DEEP	43.348500	-125.545100	-3085	2011/07/01 00:00:00	2017/12/31 23:59:59
[Data available in archive: 2012/08/30 00:00:00 - 2013/08/10 18:28:46] 7D	J11B	WHOI OBS ID T112	43.541400	-126.367300	-3030	2011/07/01 00:00:00	2017/12/31 23:59:59
[Data available in archive: 2014/07/12 00:00:00 - 2015/09/01 02:21:43] 7D	J11D	WHOI OBS ID T113	43.541600	-126.368600	-3000.8	2011/07/01 00:00:00	2017/12/31 23:59:59
[Data available in archive: 2012/07/16 01:47:00 - 2013/06/29 02:43:57] 7D	J17B	LDEO OBS TRAWL-RESISTANT	43.790000	-124.614800	-286	2011/07/01 00:00:00	2017/12/31 23:59:59
[Data available in archive: 2014/09/09 20:24:32 - 2015/10/03 00:27:59] 7D	J17D	LDEO OBS TRAWL-RESISTANT	43.787300	-124.613400	-285	2011/07/01 00:00:00	2017/12/31 23:59:59
[Data available in archive: 2012/08/31 20:02:59 - 2013/06/18 03:13:09] 7D	J18B	SIO OBS ID J18B	44.008300	-125.466000	-3047	2011/07/01 00:00:00	2017/12/31 23:59:59
[Data available in archive: 2014/09/09 13:52:32 - 2015/10/10 10:52:18] 7D	J18D	LDEO OBS STANDARD DEEP	43.977200	-125.481400	-3050	2011/07/01 00:00:00	2017/12/31 23:59:59
[Data available in archive: 2012/08/30 00:00:00 - 2013/06/10 04:07:28] 7D	J19B	WHOI OBS ID T114	44.177700	-126.271700	-2968	2011/07/01 00:00:00	2017/12/31 23:59:59
[Data available in archive: 2014/07/11 11:09:42 - 2015/09/01 03:41:52] 7D	J19D	WHOI OBS ID T105	44.179000	-126.271200	-2955.4	2011/07/01 00:00:00	2017/12/31 23:59:59
[Data available in archive: 2012/09/05 18:29:59 - 2013/05/06 15:30:01] 7D	J20B	SIO OBS ID J20B	44.354200	-127.095200	-2934	2011/07/01 00:00:00	2017/12/31 23:59:59
[Data available in archive: 2014/07/25 08:35:59 - 2015/09/09 07:46:29] 7D	J20D	SIO OBS ID J20D	44.360400	-127.108500	-2936	2011/07/01 00:00:00	2017/12/31 23:59:59
[Data available in archive: 2013/08/08 13:55:18 - 2014/05/15 03:03:44] 7D	J21C	WHOI OBS ID S86	44.534200	-128.037600	-2847	2011/07/01 00:00:00	2017/12/31 23:59:59
[Data available in archive: 2011/11/21 00:00:00 - 2012/05/15 14:42:54] 7D	J23A	WHOI OBS ID S80	44.844000	-129.682500	-2655	2011/07/01 00:00:00	2017/12/31 23:59:59
[Data available in archive: 2012/08/24 19:44:58 - 2013/06/06 22:14:20] 7D	J23B	WHOI OBS ID S86	44.845900	-129.682100	-2650	2011/07/01 00:00:00	2017/12/31 23:59:59
[Data available in archive: 2013/08/08 05:51:34 - 2014/05/15 16:44:03] 7D	J23C	WHOI OBS ID S82	44.843800	-129.681000	-2653	2011/07/01 00:00:00	2017/12/31 23:59:59
[Data available in archive: 2014/07/26 07:15:59 - 2015/09/10 06:35:56] 7D	J23D	SIO OBS ID J23D	44.827400	-129.680500	-2687	2011/07/01 00:00:00	2017/12/31 23:59:59
[Data available in archive: 2011/10/21 05:25:59 - 2012/07/18 02:10:32] 7D	J25A	SIO OBS ID J25A	44.472900	-124.621600	-142.8	2011/07/01 00:00:00	2017/12/31 23:59:59
[Data available in archive: 2012/07/15 19:35:06 - 2013/06/27 18:40:47] 7D	J25B	LDEO OBS TRAWL-RESISTANT	44.471300	-124.621700	-147	2011/07/01 00:00:00	2017/12/31 23:59:59
[Data available in archive: 2013/08/22 04:27:59 - 2014/06/01 17:39:56] 7D	J25C	SIO OBS ID J25C	44.473000	-124.621700	-144	2011/07/01 00:00:00	2017/12/31 23:59:59
[Data available in archive: 2014/09/22 09:58:39 - 2015/10/01 23:02:29] 7D	J25D	LDEO OBS TRAWL-RESISTANT	44.456700	-124.631000	-136	2011/07/01 00:00:00	2017/12/31 23:59:59
[Data available in archive: 2011/10/21 09:03:00 - 2012/07/15 19:32:52] 7D	J26A	LDEO Standard Deep OBS Site J26A	44.654700	-125.466400	-2864	2011/07/01 00:00:00	2017/12/31 23:59:59
[Data available in archive: 2013/09/06 09:46:30 - 2014/06/24 09:07:58] 7D	J26C	LDEO OBS STANDARD DEEP	44.653400	-125.465300	-2868	2011/07/01 00:00:00	2017/12/31 23:59:59
[Data available in archive: 2014/09/08 20:51:34 - 2015/09/04 05:42:03] 7D	J26D	LDEO OBS STANDARD DEEP	44.657700	-125.467000	-2880	2011/07/01 00:00:00	2017/12/31 23:59:59
[Data available in archive: 2012/08/24 00:00:00 - 2013/06/04 12:25:58] 7D	J27B	WHOI OBS ID T107	44.847600	-126.306900	-2824	2011/07/01 00:00:00	2017/12/31 23:59:59
[Data available in archive: 2014/07/11 03:21:30 - 2015/09/01 20:03:43] 7D	J27D	WHOI OBS ID T108	44.848900	-126.308300	-2814.8	2011/07/01 00:00:00	2017/12/31 23:59:59
[Data available in archive: 2011/11/16 00:00:00 - 2012/05/16 09:56:39] 7D	J28A	WHOI OBS ID S84	45.063600	-127.156400	-2867	2011/07/01 00:00:00	2017/12/31 23:59:59
[Data available in archive: 2012/08/24 00:00:00 - 2013/06/04 16:34:57] 7D	J28B	WHOI OBS ID S83	45.063100	-127.155200	-2866	2011/07/01 00:00:00	2017/12/31 23:59:59
[Data available in archive: 2013/08/02 00:58:55 - 2014/05/21 04:02:43] 7D	J28C	WHOI OBS ID S87	45.061700	-127.156700	-2889	2011/07/01 00:00:00	2017/12/31 23:59:59
[Data available in archive: 2014/07/11 04:51:10 - 2015/09/02 00:00:43] 7D	J28D	WHOI OBS ID T110	45.030100	-127.156000	-2855.8	2011/07/01 00:00:00	2017/12/31 23:59:59
[Data available in archive: 2011/11/20 00:00:00 - 2012/05/16 18:19:56] 7D	J29A	WHOI OBS ID T102	45.175700	-128.008400	-2849	2011/07/01 00:00:00	2017/12/31 23:59:59
[Data available in archive: 2013/08/02 00:00:00 - 2014/07/06 23:31:52] 7D	J29C	WHOI OBS ID T109	45.173100	-128.005800	-2816	2011/07/01 00:00:00	2017/12/31 23:59:59
[Data available in archive: 2011/11/20 00:00:00 - 2012/05/15 23:04:28] 7D	J30A	WHOI OBS ID T106	45.424200	-128.906900	-2824	2011/07/01 00:00:00	2017/12/31 23:59:59
[Data available in archive: 2013/08/07 00:00:00 - 2014/05/15 19:26:38] 7D	J30C	WHOI OBS ID T103	45.426100	-128.910000	-2786	2011/07/01 00:00:00	2017/12/31 23:59:59
[Data available in archive: 2011/11/21 00:00:00 - 2012/05/16 11:18:47] 7D	J31A	WHOI OBS ID T105	45.553100	-129.672700	-2657	2011/07/01 00:00:00	2017/12/31 23:59:59
[Data available in archive: 2013/08/07 00:00:00 - 2014/05/15 14:44:18] 7D	J31C	WHOI OBS ID T104	45.551900	-129.672400	-2624	2011/07/01 00:00:00	2017/12/31 23:59:59
[Data available in archive: 2013/08/08 01:09:12 - 2014/05/15 05:58:39] 7D	J32C	WHOI OBS ID S81	45.714500	-130.603000	-2756	2011/07/01 00:00:00	2017/12/31 23:59:59
[Data available in archive: 2011/10/16 05:06:59 - 2012/07/18 08:42:16] 7D	J33A	SIO OBS ID J33A	45.106600	-124.570800	-348.7	2011/07/01 00:00:00	2017/12/31 23:59:59
[Data available in archive: 2012/07/14 18:29:30 - 2013/06/26 21:26:51] 7D	J33B	LDEO OBS TRAWL-RESISTANT	45.106600	-124.570600	-350	2011/07/01 00:00:00	2017/12/31 23:59:59
[Data available in archive: 2013/08/22 04:43:59 - 2014/05/29 00:11:15] 7D	J33C	SIO OBS ID J33C	45.106800	-124.570800	-354	2011/07/01 00:00:00	2017/12/31 23:59:59
[Data available in archive: 2011/10/16 09:19:00 - 2012/07/17 08:11:43] 7D	J34A	LDEO Standard Deep OBS Site J34A	45.305700	-125.414500	-2574	2011/07/01 00:00:00	2017/12/31 23:59:59
[Data available in archive: 2013/09/06 03:03:00 - 2014/06/24 13:15:02] 7D	J34C	LDEO OBS STANDARD DEEP	45.307000	-125.415200	-2580	2011/07/01 00:00:00	2017/12/31 23:59:59
[Data available in archive: 2011/10/20 00:24:59 - 2012/07/17 12:08:14] 7D	J35A	SIO OBS ID J35A	45.498900	-126.266800	-2662	2011/07/01 00:00:00	2017/12/31 23:59:59
[Data available in archive: 2013/08/09 00:00:00 - 2014/05/19 16:15:18] 7D	J35C	WHOI OBS ID T114	45.499500	-126.268300	-2655	2011/07/01 00:00:00	2017/12/31 23:59:59
[Data available in archive: 2011/10/19 23:06:59 - 2012/07/17 05:45:56] 7D	J36A	SIO OBS ID J36A	45.685500	-127.122500	-2821	2011/07/01 00:00:00	2017/12/31 23:59:59
[Data available in archive: 2013/08/09 00:00:00 - 2014/05/20 02:39:14] 7D	J36C	WHOI OBS ID T108	45.686500	-127.125200	-2812	2011/07/01 00:00:00	2017/12/31 23:59:59
[Data available in archive: 2011/11/28 00:00:00 - 2012/05/16 23:37:18] 7D	J37A	WHOI OBS ID T109	45.864200	-127.985300	-2862	2011/07/01 00:00:00	2017/12/31 23:59:59
[Data available in archive: 2013/08/02 00:00:00 - 2014/05/20 03:21:34] 7D	J37C	WHOI OBS ID T106	45.863500	-127.985300	-2886	2011/07/01 00:00:00	2017/12/31 23:59:59
[Data available in archive: 2011/11/23 00:00:00 - 2012/05/17 02:54:56] 7D	J38A	WHOI OBS ID T114	46.039500	-128.853100	-2734	2011/07/01 00:00:00	2017/12/31 23:59:59
[Data available in archive: 2013/08/07 00:00:00 - 2014/05/16 00:03:14] 7D	J38C	WHOI OBS ID T113	46.038900	-128.853600	-2731	2011/07/01 00:00:00	2017/12/31 23:59:59
[Data available in archive: 2011/11/22 00:00:00 - 2012/05/17 01:51:48] 7D	J39A	WHOI OBS ID T101	46.176000	-129.644100	-2659	2011/07/01 00:00:00	2017/12/31 23:59:59
[Data available in archive: 2013/08/06 00:00:00 - 2014/05/16 05:40:47] 7D	J39C	WHOI OBS ID T102	46.176100	-129.643800	-2656	2011/07/01 00:00:00	2017/12/31 23:59:59
[Data available in archive: 2011/07/25 18:12:00 - 2012/07/13 03:53:33] 7D	J41A	LDEO Trawl-Resistant OBS Site J41A	45.811900	-124.537200	-175	2011/07/01 00:00:00	2017/12/31 23:59:59
[Data available in archive: 2013/08/30 02:35:00 - 2014/06/24 22:03:02] 7D	J41C	LDEO OBS TRAWL-RESISTANT	45.811700	-124.537600	-171	2011/07/01 00:00:00	2017/12/31 23:59:59
[Data available in archive: 2011/10/16 20:41:30 - 2012/07/17 18:46:39] 7D	J42A	LDEO Standard Deep OBS Site J42A	45.933100	-125.299700	-1540	2011/07/01 00:00:00	2017/12/31 23:59:59
[Data available in archive: 2013/09/05 19:43:30 - 2014/06/29 15:49:02] 7D	J42C	LDEO OBS STANDARD DEEP	45.932300	-125.299100	-1550	2011/07/01 00:00:00	2017/12/31 23:59:59
[Data available in archive: 2011/10/19 22:24:59 - 2012/07/16 18:44:35] 7D	J43A	SIO OBS ID J43A	46.137800	-126.172100	-2654.4	2011/07/01 00:00:00	2017/12/31 23:59:59
[Data available in archive: 2013/08/09 00:00:00 - 2014/05/19 02:20:43] 7D	J43C	WHOI OBS ID T111	46.137000	-126.172500	-2645	2011/07/01 00:00:00	2017/12/31 23:59:59
[Data available in archive: 2011/10/19 20:11:59 - 2012/07/17 00:15:21] 7D	J44A	SIO OBS ID J44A	46.323000	-127.039000	-2724.1	2011/07/01 00:00:00	2017/12/31 23:59:59
[Data available in archive: 2013/08/09 00:00:00 - 2014/05/19 01:31:04] 7D	J44C	WHOI OBS ID T101	46.324000	-127.040700	-2742	2011/07/01 00:00:00	2017/12/31 23:59:59
[Data available in archive: 2011/11/28 00:00:00 - 2012/05/18 07:51:27] 7D	J45A	WHOI OBS ID T111	46.520900	-127.904900	-2757	2011/07/01 00:00:00	2017/12/31 23:59:59
[Data available in archive: 2013/08/03 00:00:00 - 2014/07/07 00:00:46] 7D	J45C	WHOI OBS ID T105	46.520900	-127.904700	-2742	2011/07/01 00:00:00	2017/12/31 23:59:59
[Data available in archive: 2011/11/23 00:00:00 - 2012/05/18 04:07:37] 7D	J46A	WHOI OBS ID S86	46.663900	-128.788300	-2744	2011/07/01 00:00:00	2017/12/31 23:59:59
[Data available in archive: 2013/08/07 00:00:00 - 2014/05/16 15:14:58] 7D	J46C	WHOI OBS ID T107	46.664500	-128.789400	-2744	2011/07/01 00:00:00	2017/12/31 23:59:59
[Data available in archive: 2011/11/23 00:00:00 - 2012/05/17 20:48:18] 7D	J47A	WHOI OBS ID T108	46.843300	-129.713500	-2685	2011/07/01 00:00:00	2017/12/31 23:59:59
[Data available in archive: 2013/08/07 00:00:00 - 2014/05/16 16:07:40] 7D	J47C	WHOI OBS ID T110	46.844000	-129.713900	-2679	2011/07/01 00:00:00	2017/12/31 23:59:59
[Data available in archive: 2011/11/23 00:00:00 - 2012/05/17 11:03:39] 7D	J48A	WHOI OBS ID S85	47.130400	-130.651300	-2973	2011/07/01 00:00:00	2017/12/31 23:59:59
[Data available in archive: 2012/08/25 00:00:00 - 2013/06/06 10:57:43] 7D	J48B	WHOI OBS ID S82	47.128200	-130.638500	-2877	2011/07/01 00:00:00	2017/12/31 23:59:59
[Data available in archive: 2013/08/06 05:00:41 - 2014/05/17 10:44:29] 7D	J48C	WHOI OBS ID S88	47.129500	-130.650700	-2940	2011/07/01 00:00:00	2017/12/31 23:59:59
[Data available in archive: 2011/07/26 03:54:00 - 2012/07/13 14:54:58] 7D	J49A	LDEO Trawl-resistant OBS Site J49A	46.437800	-124.427500	-120	2011/07/01 00:00:00	2017/12/31 23:59:59
[Data available in archive: 2013/08/30 14:55:00 - 2014/06/29 05:46:59] 7D	J49C	LDEO OBS TRAWL-RESISTANT	46.438000	-124.427800	-113	2011/07/01 00:00:00	2017/12/31 23:59:59
[Data available in archive: 2011/10/17 06:11:00 - 2012/07/20 17:36:11] 7D	J50A	LDEO Standard Deep OBS Site J50A	46.640200	-125.299100	-1909	2011/07/01 00:00:00	2017/12/31 23:59:59
[Data available in archive: 2013/09/04 04:41:30 - 2014/06/30 17:42:02] 7D	J50C	LDEO OBS STANDARD DEEP	46.641100	-125.298700	-1931	2011/07/01 00:00:00	2017/12/31 23:59:59
[Data available in archive: 2011/10/19 20:58:00 - 2012/07/18 18:29:01] 7D	J51A	LDEO OBS STANDARD DEEP	46.797000	-126.164100	-2610	2011/07/01 00:00:00	2017/12/31 23:59:59
[Data available in archive: 2013/09/06 04:00:34 - 2014/07/01 10:25:19] 7D	J51C	LDEO OBS STANDARD DEEP	46.795700	-126.163100	-2626	2011/07/01 00:00:00	2017/12/31 23:59:59
[Data available in archive: 2011/11/28 00:19:22 - 2012/05/18 13:55:04] 7D	J52A	WHOI OBS ID T107	46.992000	-127.015900	-2613	2011/07/01 00:00:00	2017/12/31 23:59:59
[Data available in archive: 2013/08/20 20:37:59 - 2014/05/31 17:19:55] 7D	J52C	SIO OBS ID J52C	46.992000	-127.015800	-2640	2011/07/01 00:00:00	2017/12/31 23:59:59
[Data available in archive: 2011/11/28 00:07:07 - 2012/05/18 15:38:47] 7D	J53A	WHOI OBS ID S82	47.164200	-127.922100	-2686	2011/07/01 00:00:00	2017/12/31 23:59:59
[Data available in archive: 2013/08/20 20:24:59 - 2014/05/31 12:21:13] 7D	J53C	SIO OBS ID J53C	47.164300	-127.922300	-2717	2011/07/01 00:00:00	2017/12/31 23:59:59
[Data available in archive: 2011/11/27 00:00:00 - 2012/05/18 23:24:38] 7D	J54A	WHOI OBS ID T115	47.335800	-128.811600	-2662	2011/07/01 00:00:00	2017/12/31 23:59:59
[Data available in archive: 2013/08/03 06:57:09 - 2014/05/18 08:33:44] 7D	J54C	WHOI OBS ID S83	47.335800	-128.811300	-2666	2011/07/01 00:00:00	2017/12/31 23:59:59
[Data available in archive: 2011/11/24 00:00:00 - 2012/05/19 05:00:09] 7D	J55A	WHOI OBS ID T112	47.530500	-129.707600	-2800	2011/07/01 00:00:00	2017/12/31 23:59:59
[Data available in archive: 2013/08/06 00:00:00 - 2014/05/17 04:02:07] 7D	J55C	WHOI OBS ID S89	47.531500	-129.707800	-2755	2011/07/01 00:00:00	2017/12/31 23:59:59
[Data available in archive: 2011/10/17 18:12:59 - 2012/07/14 22:48:19] 7D	J57A	SIO OBS ID J57A	47.080100	-124.450500	-55.8	2011/07/01 00:00:00	2017/12/31 23:59:59
[Data available in archive: 2013/09/02 19:49:47 - 2014/06/28 20:53:22] 7D	J57C	LDEO OBS TRAWL-RESISTANT	47.080400	-124.450600	-67	2011/07/01 00:00:00	2017/12/31 23:59:59
[Data available in archive: 2011/10/18 09:03:02 - 2012/07/11 18:40:39] 7D	J58A	LDEO Standard Deep OBS	47.318800	-125.534400	-1511	2011/07/01 00:00:00	2017/12/31 23:59:59
[Data available in archive: 2013/09/04 23:08:00 - 2014/06/27 22:22:00] 7D	J58C	LDEO OBS STANDARD DEEP	47.317800	-125.534600	-1527	2011/07/01 00:00:00	2017/12/31 23:59:59
[Data available in archive: 2011/10/19 15:51:00 - 2012/07/11 14:04:31] 7D	J59A	LDEO OBS STANDARD DEEP	47.509600	-126.415300	-2371	2011/07/01 00:00:00	2017/12/31 23:59:59
[Data available in archive: 2013/09/05 05:27:30 - 2014/06/27 17:45:59] 7D	J59C	LDEO OBS STANDARD DEEP	47.511100	-126.416800	-2389	2011/07/01 00:00:00	2017/12/31 23:59:59
[Data available in archive: 2011/11/27 00:00:00 - 2012/05/20 04:15:24] 7D	J61A	WHOI OBS ID T113	47.872500	-128.197200	-2644	2011/07/01 00:00:00	2017/12/31 23:59:59
[Data available in archive: 2013/08/20 11:20:59 - 2014/05/31 06:52:06] 7D	J61C	SIO OBS ID J61C	47.872800	-128.197200	-2673	2011/07/01 00:00:00	2017/12/31 23:59:59
[Data available in archive: 2011/11/25 00:00:00 - 2012/05/19 06:12:13] 7D	J63A	WHOI OBS ID S83	48.206500	-130.003300	-2882	2011/07/01 00:00:00	2017/12/31 23:59:59
[Data available in archive: 2012/08/25 00:00:00 - 2013/06/05 19:23:48] 7D	J63B	WHOI OBS ID S84	48.205400	-130.001900	-2857	2011/07/01 00:00:00	2017/12/31 23:59:59
[Data available in archive: 2013/08/05 16:26:18 - 2014/05/17 17:17:00] 7D	J63C	WHOI OBS ID S84	48.204700	-130.005300	-2845	2011/07/01 00:00:00	2017/12/31 23:59:59
[Data available in archive: 2011/10/17 23:30:59 - 2012/07/15 07:22:07] 7D	J65A	SIO OBS ID J65A	47.891300	-125.139600	-165.2	2011/07/01 00:00:00	2017/12/31 23:59:59
[Data available in archive: 2013/08/19 02:31:59 - 2014/05/29 23:40:06] 7D	J65C	SIO OBS ID J65C	47.891300	-125.139800	-169	2011/07/01 00:00:00	2017/12/31 23:59:59
[Data available in archive: 2011/11/26 00:00:00 - 2012/05/19 22:26:18] 7D	J67A	WHOI OBS ID T104	48.150000	-127.084200	-2612	2011/07/01 00:00:00	2017/12/31 23:59:59
[Data available in archive: 2013/08/05 00:00:01 - 2014/05/19 12:42:58] 7D	J67C	WHOI OBS ID S80	48.151000	-127.086800	-2581	2011/07/01 00:00:00	2017/12/31 23:59:59
[Data available in archive: 2011/11/25 00:00:00 - 2012/05/20 03:01:50] 7D	J68A	WHOI OBS ID S89	48.481000	-127.829200	-2590	2011/07/01 00:00:00	2017/12/31 23:59:59
[Data available in archive: 2013/08/20 11:01:59 - 2014/05/31 02:04:21] 7D	J68C	SIO OBS ID J68C	48.481100	-127.829300	-2587	2011/07/01 00:00:00	2017/12/31 23:59:59
[Data available in archive: 2013/08/05 07:11:53 - 2014/05/17 23:54:54] 7D	J69C	WHOI OBS ID S85	48.627000	-128.738600	-2544	2011/07/01 00:00:00	2017/12/31 23:59:59
[Data available in archive: 2011/10/18 04:51:59 - 2012/07/16 01:06:36] 7D	J73A	SIO OBS ID J73A	48.767700	-126.192500	-143.3	2011/07/01 00:00:00	2017/12/31 23:59:59
[Data available in archive: 2013/08/19 17:49:59 - 2014/05/30 11:56:02] 7D	J73C	SIO OBS ID J73C	48.767900	-126.192600	-133	2011/07/01 00:00:00	2017/12/31 23:59:59
[Data available in archive: 2011/10/18 05:53:59 - 2012/07/15 21:16:38] 7D	M01A	SIO OBS ID M01A	49.150400	-126.722100	-132.9	2011/07/01 00:00:00	2017/12/31 23:59:59
[Data available in archive: 2013/08/19 21:07:59 - 2014/05/30 19:29:29] 7D	M01C	SIO OBS ID M01C	49.150400	-126.722200	-138	2011/07/01 00:00:00	2017/12/31 23:59:59
[Data available in archive: 2011/10/18 03:29:59 - 2012/07/15 12:01:11] 7D	M02A	SIO OBS ID M02A	48.307000	-125.600400	-139	2011/07/01 00:00:00	2017/12/31 23:59:59
[Data available in archive: 2013/08/19 16:47:59 - 2014/05/30 08:00:14] 7D	M02C	SIO OBS ID M02C	48.306900	-125.601200	-141	2011/07/01 00:00:00	2017/12/31 23:59:59
[Data available in archive: 2011/10/19 03:17:30 - 2012/07/11 10:28:00] 7D	M03A	LDEO OBS STANDARD DEEP	47.888300	-126.104000	-1818	2011/07/01 00:00:00	2017/12/31 23:59:59
[Data available in archive: 2013/08/19 17:12:59 - 2014/05/30 04:40:45] 7D	M03C	SIO OBS ID M03C	47.888400	-126.104600	-1839	2011/07/01 00:00:00	2017/12/31 23:59:59
7D	M04A	SIO OBS ID M04A	47.558100	-125.192200	-563.4	2011/07/01 00:00:00	2017/12/31 23:59:59
[Data available in archive: 2013/08/19 01:30:59 - 2014/05/29 20:57:15] 7D	M04C	SIO OBS ID M04C	45.558400	-125.192300	-570	2011/07/01 00:00:00	2017/12/31 23:59:59
7D	M05A	SIO OBS ID M05A	46.173500	-124.934600	-828.2	2011/07/01 00:00:00	2017/12/31 23:59:59
[Data available in archive: 2013/08/19 01:51:59 - 2014/05/29 12:37:15] 7D	M05C	SIO OBS ID M05C	46.173500	-124.934500	-837	2011/07/01 00:00:00	2017/12/31 23:59:59
[Data available in archive: 2011/10/16 15:49:30 - 2012/07/17 15:18:36] 7D	M06A	LDEO Standard Deep OBS Site M06A	45.529500	-124.926800	-1439	2011/07/01 00:00:00	2017/12/31 23:59:59
[Data available in archive: 2013/09/05 23:36:30 - 2014/06/24 17:35:06] 7D	M06C	LDEO OBS STANDARD DEEP	45.528700	-124.926100	-1460	2011/07/01 00:00:00	2017/12/31 23:59:59
[Data available in archive: 2011/10/16 00:09:59 - 2012/07/14 06:07:16] 7D	M07A	SIO OBS ID M07A	44.898700	-125.116800	-1356.5	2011/07/01 00:00:00	2017/12/31 23:59:59
[Data available in archive: 2013/08/21 22:24:59 - 2014/01/16 05:36:44] 7D	M07C	SIO OBS ID M07C	44.898800	-125.116800	-1365	2011/07/01 00:00:00	2017/12/31 23:59:59
[Data available in archive: 2011/10/21 00:49:59 - 2012/07/17 23:08:25] 7D	M08A	SIO OBS ID M08A	44.118700	-124.895300	-126.4	2011/07/01 00:00:00	2017/12/31 23:59:59
[Data available in archive: 2013/08/21 22:38:59 - 2014/06/01 14:58:18] 7D	M08C	SIO OBS ID M08C	44.118500	-124.895400	-131	2011/07/01 00:00:00	2017/12/31 23:59:59
[Data available in archive: 2012/07/17 09:43:32 - 2013/06/28 03:58:54] 7D	M09B	LDEO OBS TRAWL-RESISTANT	44.249700	-125.058900	-914	2011/07/01 00:00:00	2017/12/31 23:59:59
[Data available in archive: 2012/07/16 07:20:00 - 2013/06/29 07:57:21] 7D	M10B	LDEO OBS TRAWL-RESISTANT	43.624800	-124.972800	-675	2011/07/01 00:00:00	2017/12/31 23:59:59
[Data available in archive: 2012/09/01 08:05:59 - 2013/06/18 12:20:10] 7D	M11B	SIO OBS ID M11B	42.932000	-125.017100	-1109	2011/07/01 00:00:00	2017/12/31 23:59:59
[Data available in archive: 2012/09/01 13:30:59 - 2013/06/18 17:12:12] 7D	M12B	SIO OBS ID M12B	42.184000	-124.946100	-1045	2011/07/01 00:00:00	2017/12/31 23:59:59
[Data available in archive: 2012/09/18 04:51:00 - 2013/06/30 04:53:13] 7D	M13B	LDEO OBS TRAWL-RESISTANT	41.671500	-124.859600	-909	2011/07/01 00:00:00	2017/12/31 23:59:59
[Data available in archive: 2014/09/09 13:49:00 - 2015/10/03 18:10:00] 7D	M13D	LDEO OBS TRAWL-RESISTANT	43.597300	-125.044600	-990	2011/07/01 00:00:00	2017/12/31 23:59:59
[Data available in archive: 2012/09/01 23:55:59 - 2013/06/19 00:28:14] 7D	M14B	SIO OBS ID M14B	40.985000	-124.589700	-638	2011/07/01 00:00:00	2017/12/31 23:59:59
[Data available in archive: 2014/09/10 13:46:00 - 2015/10/09 12:53:00] 7D	M14D	LDEO OBS TRAWL-RESISTANT	42.913600	-124.977900	-997	2011/07/01 00:00:00	2017/12/31 23:59:59
[Data available in archive: 2014/09/11 19:10:00 - 2015/06/27 16:57:50] 7D	M15D	LDEO OBS TRAWL-RESISTANT	42.210700	-124.907400	-933	2011/07/01 00:00:00	2017/12/31 23:59:59
[Data available in archive: 2014/08/12 16:57:59 - 2015/09/17 16:41:07] 7D	M16D	SIO OBS ID M16D	41.661800	-124.807100	-882	2011/07/01 00:00:00	2017/12/31 23:59:59
[Data available in archive: 2014/09/12 20:00:30 - 2015/10/08 03:09:59] 7D	M17D	LDEO OBS TRAWL-RESISTANT	41.037000	-124.629800	-749	2011/07/01 00:00:00	2017/12/31 23:59:59
[Data available in archive: 2012/07/14 02:29:30 - 2013/06/27 06:58:19] 7D	M18B	LDEO OBS TRAWL-RESISTANT	44.887100	-124.971200	-720	2011/07/01 00:00:00	2017/12/31 23:59:59
BK	GASB	Alder Springs, CA, USA	39.654710	-122.715950	1354.8	2009/08/01 00:00:00	2500/12/30 23:59:59
BK	HATC	Hat Creek Radio Astronomy Obs., Cassel, CA, USA	40.816100	-121.461170	1009.3	2009/08/01 00:00:00	2500/12/30 23:59:59
[Data available in realtime systems: 2016/10/06 00:00:00 - 2016/10/17 00:00:00] [Data available in archive: 2009/08/01 00:00:00 - 2016/10/17 01:56:24] BK	HUMO	Hull Mountain, OR, USA	42.607100	-122.956690	554.9	2009/08/01 00:00:00	2500/12/30 23:59:59
BK	JCC	Jacoby Creek, Bayside, CA, USA	40.817450	-124.029550	27.2	2009/08/01 00:00:00	2500/12/30 23:59:59
BK	MOD	Modoc Plateau, CA, USA	41.902460	-120.302950	1554.5	2009/08/01 00:00:00	2500/12/30 23:59:59
BK	ORV	Oroville Dam, Oroville, CA, USA	39.554510	-121.500360	334.7	2009/08/01 00:00:00	2500/12/30 23:59:59
BK	SUTB	Sutter Buttes, CA, USA	39.229100	-121.786100	252	2009/08/01 00:00:00	2500/12/30 23:59:59
[Data available in archive: 2009/08/01 00:00:00 - 2016/05/19 23:41:58] BK	WDC	Whiskeytown Dam, Whiskeytown, CA, USA	40.579880	-122.541130	268.3	2009/08/01 00:00:00	2500/12/30 23:59:59
BK	YBH	Yreka Blue Horn Mine, Yreka, CA, USA	41.732040	-122.710390	1059.7	2009/08/01 00:00:00	2500/12/30 23:59:59
[Data available in realtime systems: 2016/10/06 00:00:00 - 2016/10/17 00:00:00] [Data available in archive: 2009/08/01 00:00:00 - 2016/10/17 00:00:05] IU	COR	Corvallis, Oregon, USA	44.585500	-123.304600	110	2009/08/01 00:00:00	2500/12/30 23:59:59
[Data available in archive: 2010/08/19 14:56:35 - 2010/08/19 14:56:35] TA	A04D	Lummi Island, WA, USA	48.720100	-122.706300	13	2010/08/19 14:56:35	2016/05/16 15:17:01
[Data available in archive: 2010/08/23 23:51:34 - 2010/08/23 23:51:34] TA	B05D	Stanwood, WA, USA	48.264100	-122.096000	153	2010/08/23 23:51:34	2016/05/18 16:45:11
[Data available in archive: 2010/09/15 05:21:33 - 2010/09/15 05:21:33] TA	C06D	Leavenworth, WA, USA	47.922900	-120.894300	544	2010/09/15 05:21:33	2016/05/17 16:54:12
[Data available in archive: 2010/08/26 01:58:12 - 2010/08/26 01:58:12] TA	D03D	Eldon, WA, USA	47.534700	-123.089400	262	2010/08/26 01:58:12	2016/06/15 17:23:58
[Data available in archive: 2010/08/19 19:27:02 - 2010/08/19 19:27:02] TA	D04D	Lakebay, WA, USA	47.178600	-122.772300	37	2010/08/19 19:27:02	2012/10/04 20:00:35
[Data available in archive: 2012/10/12 13:12:11 - 2012/10/12 13:12:11] TA	D04E	Lakebay, WA, USA	47.178600	-122.771500	45	2012/10/12 13:12:11	2016/06/08 15:50:29
[Data available in archive: 2010/08/26 21:02:04 - 2010/08/26 21:02:04] TA	E04D	Cinebar, WA, USA	46.556600	-122.567300	204	2010/08/26 21:02:04	2016/06/07 14:52:47
[Data available in realtime systems: 2016/08/12 00:00:00 - 2016/09/30 00:00:00] [Data available in archive: 2009/11/14 21:04:43 - 2016/09/30 19:29:19] TA	F04D	Rainier, OR, USA	46.082900	-123.010800	236	2009/11/14 21:04:43	2599/12/31 23:59:59
[Data available in archive: 2010/08/14 18:26:11 - 2010/08/14 18:26:11] TA	F05D	White Salmon, WA, USA	45.885200	-121.459700	472	2010/08/14 18:26:11	2016/06/01 17:19:56
[Data available in realtime systems: 2016/08/12 00:00:00 - 2016/09/30 00:00:00] [Data available in archive: 2009/10/24 22:51:24 - 2016/09/30 19:29:19] TA	G03D	McMinnville, OR, USA	45.211500	-123.264100	222	2009/10/24 22:51:24	2599/12/31 23:59:59
[Data available in realtime systems: 2016/08/12 00:00:00 - 2016/09/30 00:00:00] [Data available in archive: 2009/10/22 21:18:32 - 2016/09/30 19:29:19] TA	G05D	Wamic, OR, USA	45.242200	-121.316700	592	2009/10/22 21:18:32	2599/12/31 23:59:59
[Data available in realtime systems: 2016/08/12 00:00:00 - 2016/09/30 00:00:00] [Data available in archive: 2010/08/12 21:30:10 - 2016/09/30 19:29:19] TA	H04D	Lebanon, OR, USA	44.523400	-122.737700	284	2010/08/12 21:30:10	2599/12/31 23:59:59
[Data available in archive: 2010/08/07 22:25:13 - 2010/08/07 22:25:13] TA	I02D	Swisshome, OR, USA	44.105900	-123.846900	109	2010/08/07 22:25:13	2015/10/22 16:15:22
[Data available in realtime systems: 2016/08/12 00:00:00 - 2016/09/30 00:00:00] [Data available in archive: 2015/10/26 00:06:59 - 2016/09/30 19:29:19] TA	I02E	Swisshome, OR, USA	44.107700	-123.847300	117	2015/10/26 00:06:59	2599/12/31 23:59:59
[Data available in realtime systems: 2016/08/12 00:00:00 - 2016/09/30 00:00:00] [Data available in archive: 2009/11/04 00:14:36 - 2016/09/30 19:29:19] TA	I03D	Drain, OR, USA	43.697200	-123.348700	140	2009/11/04 00:14:36	2599/12/31 23:59:59
[Data available in realtime systems: 2016/08/12 00:00:00 - 2016/09/30 00:00:00] [Data available in archive: 2009/11/01 22:39:00 - 2016/09/30 19:18:39] TA	I04A	Tendick Farm, Oakridge, OR, USA	43.794100	-122.411300	731	2009/11/01 22:39:00	2599/12/31 23:59:59
[Data available in realtime systems: 2016/08/12 00:00:00 - 2016/09/30 00:00:00] [Data available in archive: 2009/10/20 21:24:11 - 2016/09/30 19:29:19] TA	I05D	Terrebonne, OR, USA	44.338600	-121.339500	811	2009/10/20 21:24:11	2599/12/31 23:59:59
[Data available in archive: 2010/08/06 22:08:20 - 2010/08/06 22:08:20] TA	J01D	Myrtle Point, OR, USA	43.161400	-123.931400	131	2010/08/06 22:08:20	2012/10/03 16:30:31
[Data available in realtime systems: 2016/08/12 00:00:00 - 2016/09/30 00:00:00] [Data available in archive: 2012/10/10 20:08:32 - 2016/09/30 19:29:19] TA	J01E	Myrtle Point, OR, USA	43.161500	-123.931400	128	2012/10/10 20:08:32	2599/12/31 23:59:59
[Data available in realtime systems: 2016/08/12 00:00:00 - 2016/09/30 00:00:00] [Data available in archive: 2009/10/20 22:29:52 - 2016/09/30 19:29:19] TA	J04D	Umpqua National Forest, Toketee, OR, USA	43.240500	-122.109300	1948	2009/10/20 22:29:52	2599/12/31 23:59:59
[Data available in realtime systems: 2016/08/12 00:00:00 - 2016/09/30 00:00:00] [Data available in archive: 2009/10/20 22:29:57 - 2016/09/30 19:29:19] TA	J05D	Fort Rock, OR, USA	43.284800	-121.234700	1541	2009/10/20 22:29:57	2599/12/31 23:59:59
[Data available in realtime systems: 2016/08/12 00:00:00 - 2016/09/30 00:00:00] [Data available in archive: 2010/08/05 19:39:35 - 2016/09/30 19:29:18] TA	K02D	Willamette Meridian, OR, USA	42.695500	-123.665400	989	2010/08/05 19:39:35	2599/12/31 23:59:59
[Data available in realtime systems: 2016/08/12 00:00:00 - 2016/09/30 00:00:00] [Data available in archive: 2009/10/20 22:29:56 - 2016/09/30 18:57:29] TA	K04D	Chiloquin, OR, USA	42.624600	-121.753500	1315	2009/10/20 22:29:56	2599/12/31 23:59:59
[Data available in archive: 2009/11/08 22:40:00 - 2009/11/08 22:40:00] TA	L02D	Cave Junction, OR, USA	42.157800	-123.603100	458	2009/11/08 22:40:00	2012/10/09 22:57:01
[Data available in archive: 2012/10/10 10:46:54 - 2012/10/10 10:46:54] TA	L02E	Cave Junction, OR, USA	42.158000	-123.602900	454	2012/10/10 10:46:54	2016/04/28 16:37:43
[Data available in realtime systems: 2016/08/12 00:00:00 - 2016/09/30 00:00:00] [Data available in archive: 2010/07/31 02:33:15 - 2016/09/30 19:29:19] TA	L04D	Klamath Falls, OR, USA	42.218000	-122.304600	1437	2010/07/31 02:33:15	2599/12/31 23:59:59
[Data available in archive: 2009/10/10 23:00:00 - 2009/10/10 23:00:00] TA	M02C	Callahan, CA, USA	41.392000	-122.853800	960	2009/10/10 23:00:00	2016/05/01 15:41:58
[Data available in archive: 2009/10/22 02:30:00 - 2009/10/22 02:30:00] TA	M04C	Macdoel, CA, USA	41.782600	-121.839300	1391	2009/10/22 02:30:00	2016/04/25 21:19:08
[Data available in archive: 2009/11/06 01:41:33 - 2009/11/06 01:41:33] TA	N02D	Trinity Center, CA, USA	40.974000	-122.705000	937	2009/11/06 01:41:33	2016/04/28 20:24:19
[Data available in archive: 2010/08/02 00:56:37 - 2010/08/02 00:56:37] TA	O02D	Mt. Diablo Meridian, CA, USA	40.176600	-122.788400	965	2010/08/02 00:56:37	2016/05/02 15:21:00
[Data available in archive: 2010/08/02 20:45:00 - 2010/08/02 20:45:00] TA	O03D	Paynes Creek, CA, USA	40.294700	-121.801800	968	2010/08/02 20:45:00	2012/10/01 16:47:57
[Data available in archive: 2012/10/08 21:19:21 - 2012/10/08 21:19:21] TA	O03E	Paynes Creek, CA, USA	40.294600	-121.802100	967	2012/10/08 21:19:21	2016/05/02 22:17:04
[Data available in realtime systems: 2016/10/09 00:00:00 - 2016/10/17 00:00:00] [Data available in archive: 2009/08/01 00:00:00 - 2016/10/17 00:00:05] UO	DBO	Dodson Butte, OR (UO CREST BB SMO)	43.118720	-123.244420	957	2009/08/01 00:00:00	2500/12/30 23:59:59
[Data available in archive: 2009/08/01 00:00:00 - 2010/04/21 15:40:39] UO	EUO	Eugene,OR U0 CREST BB SMO	44.029210	-123.070140	160	2009/08/01 00:00:00	2010/04/22 23:59:59
[Data available in archive: 2009/08/01 00:00:00 - 2010/09/25 15:16:32] UO	PIN	Pine Mt., Oregon (U0 BB CREST SMO)	43.810960	-120.873060	1865	2009/08/01 00:00:00	2500/12/30 23:59:59
[Data available in realtime systems: 2016/08/12 00:00:00 - 2016/10/10 00:00:00] [Data available in archive: 2009/08/01 00:00:00 - 2016/10/10 08:27:30] US	HAWA	Hanford, Washington, USA	46.392500	-119.532700	364	2009/08/01 00:00:00	2500/12/30 23:59:59
[Data available in realtime systems: 2016/08/12 00:00:00 - 2016/10/17 00:00:00] [Data available in archive: 2009/08/01 00:00:00 - 2016/10/17 00:00:09] US	NLWA	Neilton Lookout, Washington, USA	47.391700	-123.869100	640	2009/08/01 00:00:00	2500/12/30 23:59:59
[Data available in realtime systems: 2016/08/12 00:00:00 - 2016/10/17 00:00:00] [Data available in archive: 2009/08/01 00:00:00 - 2016/10/17 00:00:06] US	WVOR	Wild Horse Valley, Oregon, USA	42.433900	-118.636700	1344	2009/08/01 00:00:00	2500/12/30 23:59:59
[Data available in realtime systems: 2016/10/09 00:00:00 - 2016/10/17 00:00:00] [Data available in archive: 2009/08/01 00:00:00 - 2016/10/17 00:00:06] UW	BLOW	Detroit Lake, OR, USA	44.683700	-122.186200	652	2009/08/01 00:00:00	2500/12/30 23:59:59
[Data available in archive: 2012/01/19 01:01:56 - 2016/07/31 22:34:44] UW	CCRK	Sunnyside, WA, USA	46.558500	-119.854800	561	2009/08/01 00:00:00	2500/12/30 23:59:59
[Data available in realtime systems: 2016/10/09 00:00:00 - 2016/10/17 00:00:00] [Data available in archive: 2009/08/01 00:00:00 - 2016/10/17 00:09:33] UW	DAVN	Chrisman Ranch, Davenport, WA, USA	47.800600	-118.274100	495	2009/08/01 00:00:00	2500/12/30 23:59:59
[Data available in realtime systems: 2016/10/09 00:00:00 - 2016/10/17 00:00:00] [Data available in archive: 2012/01/19 01:08:14 - 2016/10/17 00:39:30] UW	DDRF	Dider Farm, Eltopia, WA, USA	46.491100	-119.059500	233	2009/08/01 00:00:00	2500/12/30 23:59:59
[Data available in realtime systems: 2016/10/09 00:00:00 - 2016/10/17 00:00:00] [Data available in archive: 2009/08/01 00:00:00 - 2016/10/17 00:00:05] UW	ELW	EchoLakeBPA	47.494100	-121.872670	267	2009/08/01 00:00:00	2500/12/30 23:59:59
[Data available in realtime systems: 2016/10/09 00:00:00 - 2016/10/17 00:00:00] [Data available in archive: 2009/08/01 00:00:00 - 2016/10/16 23:46:05] UW	FISH	Seaside, OR, USA	45.930600	-123.559100	324.6	2009/08/01 00:00:00	2500/12/30 23:59:59
[Data available in realtime systems: 2016/10/09 00:00:00 - 2016/10/17 00:00:00] [Data available in archive: 2009/08/01 00:00:00 - 2016/10/17 00:00:10] UW	GNW	Green Mountain (BB) CREST SMO	47.564130	-122.824980	220	2009/08/01 00:00:00	2500/12/30 23:59:59
[Data available in realtime systems: 2016/10/09 00:00:00 - 2016/10/17 00:00:00] [Data available in archive: 2009/08/01 00:00:00 - 2016/10/17 00:00:01] UW	HEBO	Mt. Hebo, OR CREST BB SMO	45.213500	-123.755390	875	2009/08/01 00:00:00	2500/12/30 23:59:59
[Data available in realtime systems: 2016/10/09 00:00:00 - 2016/10/17 00:00:00] [Data available in archive: 2009/08/01 00:00:00 - 2016/10/17 00:00:04] UW	HOOD	Mt Hood Meadows, OR CREST BB SMO	45.322260	-121.650930	1512	2009/08/01 00:00:00	2500/12/30 23:59:59
[Data available in realtime systems: 2016/10/09 00:00:00 - 2016/10/17 00:00:00] [Data available in archive: 2009/08/01 00:00:00 - 2016/10/17 00:09:43] UW	IRON	Circle Bar Ranch, Crane, OR, USA	43.358000	-118.474300	1229	2009/08/01 00:00:00	2500/12/30 23:59:59
[Data available in realtime systems: 2016/10/09 00:00:00 - 2016/10/17 00:00:00] [Data available in archive: 2009/08/01 00:00:00 - 2016/10/17 00:11:21] UW	IZEE	Izee, OR, USA	44.082000	-119.504200	1293	2009/08/01 00:00:00	2500/12/30 23:59:59
[Data available in realtime systems: 2016/10/09 00:00:00 - 2016/10/17 00:00:00] [Data available in archive: 2009/08/01 00:00:00 - 2016/10/17 00:00:05] UW	KENT	Carlson Farm, Grass Valley, OR, USA	45.235700	-120.635100	780	2009/08/01 00:00:00	2500/12/30 23:59:59
[Data available in realtime systems: 2016/10/09 00:00:00 - 2016/10/17 00:00:00] [Data available in archive: 2009/08/01 00:00:00 - 2016/10/17 00:09:48] UW	LCCR	Mulino, OR, USA	45.205900	-122.478400	272.8	2009/08/01 00:00:00	2500/12/30 23:59:59
[Data available in realtime systems: 2016/10/09 00:00:00 - 2016/10/17 00:00:00] [Data available in archive: 2009/08/01 00:00:00 - 2016/10/17 00:09:44] UW	LEBA	Lebam, WA, USA	46.545900	-123.563200	72.8	2009/08/01 00:00:00	2500/12/30 23:59:59
[Data available in realtime systems: 2016/10/14 00:00:00 - 2016/10/17 00:00:00] [Data available in archive: 2009/08/01 00:00:00 - 2016/10/15 19:07:17] UW	LON	Longmire CREST broad-band	46.750600	-121.809600	853	2009/08/01 00:00:00	2500/12/30 23:59:59
[Data available in realtime systems: 2016/10/09 00:00:00 - 2016/10/17 00:00:00] [Data available in archive: 2009/08/01 00:00:00 - 2016/10/17 00:00:09] UW	LTY	Liberty BB CREST SMO	47.254510	-120.666360	807	2009/08/01 00:00:00	2500/12/30 23:59:59
[Data available in realtime systems: 2016/10/09 00:00:00 - 2016/10/17 00:00:00] [Data available in archive: 2009/08/01 00:00:00 - 2016/10/17 00:00:03] UW	MEGW	Megler, WA CREST BB SMO	46.266090	-123.877090	351	2009/08/01 00:00:00	2500/12/30 23:59:59
[Data available in realtime systems: 2016/10/09 00:00:00 - 2016/10/17 00:00:00] [Data available in archive: 2009/08/01 00:00:00 - 2016/10/17 00:15:08] UW	MRBL	Marblemount, WA, USA	48.518300	-121.484500	75	2009/08/01 00:00:00	2500/12/30 23:59:59
[Data available in archive: 2009/08/01 00:00:00 - 2013/01/16 16:40:14] UW	OFR	Olympics - Forest Resource Center	47.933130	-124.396040	152	2009/08/01 00:00:00	2500/12/30 23:59:59
[Data available in realtime systems: 2016/10/09 00:00:00 - 2016/10/17 00:00:00] [Data available in archive: 2009/08/01 00:00:00 - 2016/10/17 00:15:08] UW	OMAK	Colville Reservation, Omak, WA, USA	48.358400	-119.333200	696	2009/08/01 00:00:00	2500/12/30 23:59:59
[Data available in realtime systems: 2016/10/09 00:00:00 - 2016/10/17 00:00:00] [Data available in archive: 2009/08/01 00:00:00 - 2016/10/17 01:34:34] UW	PASS	Maple Falls, WA, USA	48.998300	-122.085200	174.3	2009/08/01 00:00:00	2500/12/30 23:59:59
[Data available in realtime systems: 2016/10/09 00:00:00 - 2016/10/17 00:00:00] [Data available in archive: 2012/01/19 01:02:33 - 2016/10/17 00:15:08] UW	PHIN	Phinny Hill Vineyards, Prosser, WA, USA	45.895100	-119.927800	227	2009/08/01 00:00:00	2500/12/30 23:59:59
[Data available in realtime systems: 2016/10/09 00:00:00 - 2016/10/17 00:00:00] [Data available in archive: 2009/08/01 00:00:00 - 2016/10/17 00:00:05] UW	SP2	Seward Park, Seattle SMO-IDS24 BB(7/97)	47.556290	-122.249230	30	2009/08/01 00:00:00	2500/12/30 23:59:59
[Data available in realtime systems: 2016/10/09 00:00:00 - 2016/10/17 00:00:00] [Data available in archive: 2009/08/01 00:00:00 - 2016/10/17 00:00:05] UW	SQM	PNNL - Sequim, WA, USA	48.073680	-123.048060	45	2009/08/01 00:00:00	2500/12/30 23:59:59
[Data available in realtime systems: 2016/10/09 00:00:00 - 2016/10/17 00:00:00] [Data available in archive: 2009/08/01 00:00:00 - 2016/10/17 00:15:08] UW	STOR	Enumclaw, WA, USA	47.188100	-121.988800	266.4	2009/08/01 00:00:00	2500/12/30 23:59:59
[Data available in realtime systems: 2016/10/09 00:00:00 - 2016/10/17 00:00:00] [Data available in archive: 2009/08/01 00:00:00 - 2016/10/17 00:00:03] UW	TAKO	Tahkenitch, OR	43.743340	-124.082470	46	2009/08/01 00:00:00	2500/12/30 23:59:59
[Data available in realtime systems: 2016/10/09 00:00:00 - 2016/10/17 00:00:00] [Data available in archive: 2009/08/01 00:00:00 - 2016/10/17 00:00:05] UW	TOLO	Toledo BPA, OR CREST BB SMO	44.621870	-123.922500	21	2009/08/01 00:00:00	2500/12/30 23:59:59
[Data available in realtime systems: 2016/10/09 00:00:00 - 2016/10/17 00:00:00] [Data available in archive: 2009/08/01 00:00:00 - 2016/10/17 00:00:08] UW	TOLT	Tolt Res, WA old TA-C05A	47.694700	-121.689500	541	2009/08/01 00:00:00	2500/12/30 23:59:59
[Data available in realtime systems: 2016/10/09 00:00:00 - 2016/10/17 00:00:00] [Data available in archive: 2009/08/01 00:00:00 - 2016/10/17 00:05:08] UW	TREE	Summer Lake, OR, USA	42.725800	-120.893400	1887	2009/08/01 00:00:00	2500/12/30 23:59:59
[Data available in realtime systems: 2016/10/09 00:00:00 - 2016/10/17 00:00:00] [Data available in archive: 2009/08/01 00:00:00 - 2016/10/17 00:05:54] UW	TUCA	Wood Farm, Starbuck, WA, USA	46.513900	-118.145500	304	2009/08/01 00:00:00	2500/12/30 23:59:59
[Data available in realtime systems: 2016/10/09 00:00:00 - 2016/10/17 00:00:00] [Data available in archive: 2009/08/01 00:00:00 - 2016/10/17 00:05:09] UW	UMAT	Pilot Rock, OR, USA	45.290400	-118.959500	1318	2009/08/01 00:00:00	2500/12/30 23:59:59
[Data available in realtime systems: 2016/10/09 00:00:00 - 2016/10/17 00:00:00] [Data available in archive: 2009/08/01 00:00:00 - 2016/10/17 00:00:06] UW	WISH	Wishka, WA CREST BB SMO	47.116980	-123.771180	45	2009/08/01 00:00:00	2500/12/30 23:59:59
[Data available in realtime systems: 2016/10/09 00:00:00 - 2016/10/17 00:00:00] [Data available in archive: 2009/08/01 00:00:00 - 2016/10/17 00:05:09] UW	WOLL	Wollman Farm, Schrag, WA, USA	47.057300	-118.921000	385	2009/08/01 00:00:00	2500/12/30 23:59:59
[Data available in realtime systems: 2016/10/09 00:00:00 - 2016/10/17 00:00:00] [Data available in archive: 2009/08/01 00:00:00 - 2016/10/17 00:15:08] UW	YACT	Amboy, WA, USA	45.932500	-122.419300	211.2	2009/08/01 00:00:00	2500/12/30 23:59:59
